<?xml version="1.0" encoding="UTF-8"?>
<testsuite xmlns:xsi="http://www.w3.org/2001/XMLSchema-instance" xsi:noNamespaceSchemaLocation="https://maven.apache.org/surefire/maven-surefire-plugin/xsd/surefire-test-report.xsd" version="3.0.2" name="TestSuite" time="13.769" tests="2" errors="0" skipped="0" failures="0">
  <properties>
[...]
</properties>
  <testcase name="verify_account_registration" classname="testCases.TC001_AccountRegistrationTest" time="2.144">
    <system-out><![CDATA[2025-05-24T08:47:41.878896400Z main ERROR Unable to locate appender "File" for logger config "root"
14:17:47.890 [main] INFO  testCases.TC001_AccountRegistrationTest -----Starting TC001_AccountRegistrationTest----
14:17:48.222 [main] INFO  testCases.TC001_AccountRegistrationTest -Clicked on My Account Link
14:17:48.734 [main] INFO  testCases.TC001_AccountRegistrationTest -Clicked on Register Link
14:17:48.752 [main] INFO  testCases.TC001_AccountRegistrationTest -Providing Customer details
14:17:49.968 [main] INFO  testCases.TC001_AccountRegistrationTest -Expected message
14:17:50.014 [main] INFO  testCases.TC001_AccountRegistrationTest -----Finished TC001_AccountRegistrationTest----
]]></system-out>
  </testcase>
  <testcase name="verify_login" classname="testCases.TC002_LoginPage" time="1.39">
    <system-out><![CDATA[14:17:52.426 [main] INFO  testCases.TC002_LoginPage -----Starting TC002_LoginPage--- 
14:17:52.846 [main] INFO  testCases.TC002_LoginPage -----Enter Login details---
14:17:53.141 [main] INFO  testCases.TC002_LoginPage ----Display MyAccount Page---
14:17:53.814 [main] INFO  testCases.TC002_LoginPage -----Finishing TC002_LoginPage--- 
]]></system-out>
  </testcase>
</testsuite>